<?xml version="1.0" encoding="UTF-8"?>
<!-- Generated by org.testng.reporters.JUnitReportReporter -->
<testsuite skipped="0" hostname="DESKTOP-G9U9536" name="com.training.simple.tests.OrderDetailsTest" tests="1" failures="0" timestamp="2019-11-28T16:29:31 IST" time="81.514" errors="0">
  <testcase name="ValidateOrder" time="81.514" classname="com.training.simple.tests.OrderDetailsTest"/>
</testsuite> <!-- com.training.simple.tests.OrderDetailsTest -->
