<?xml version="1.0" encoding="UTF-8"?>
<!-- Generated by org.testng.reporters.JUnitReportReporter -->
<testsuite skipped="0" hostname="DESKTOP-G9U9536" name="com.training.complex.tests.RTTC064AdminAddCategory" tests="4" failures="0" timestamp="2019-12-06T14:50:38 IST" time="92.032" errors="0">
  <testcase name="addCategory" time="23.979" classname="com.training.complex.tests.RTTC064AdminAddCategory"/>
  <testcase name="addCategory" time="23.176" classname="com.training.complex.tests.RTTC064AdminAddCategory"/>
  <testcase name="addCategory" time="22.539" classname="com.training.complex.tests.RTTC064AdminAddCategory"/>
  <testcase name="addCategory" time="22.338" classname="com.training.complex.tests.RTTC064AdminAddCategory"/>
</testsuite> <!-- com.training.complex.tests.RTTC064AdminAddCategory -->
