<?xml version="1.0" encoding="UTF-8"?>
<!-- Generated by org.testng.reporters.JUnitReportReporter -->
<testsuite skipped="0" hostname="DESKTOP-G9U9536" name="com.training.complex.tests.RTTC062MultipleUserRegistrationTest" tests="4" failures="0" timestamp="2019-12-06T15:41:58 IST" time="185.874" errors="0">
  <testcase name="RegisterUserTest" time="46.291" classname="com.training.complex.tests.RTTC062MultipleUserRegistrationTest"/>
  <testcase name="RegisterUserTest" time="47.526" classname="com.training.complex.tests.RTTC062MultipleUserRegistrationTest"/>
  <testcase name="RegisterUserTest" time="47.568" classname="com.training.complex.tests.RTTC062MultipleUserRegistrationTest"/>
  <testcase name="RegisterUserTest" time="44.489" classname="com.training.complex.tests.RTTC062MultipleUserRegistrationTest"/>
</testsuite> <!-- com.training.complex.tests.RTTC062MultipleUserRegistrationTest -->
