<?xml version="1.0" encoding="UTF-8"?>
<!-- Generated by org.testng.reporters.JUnitReportReporter -->
<testsuite skipped="0" hostname="DESKTOP-G9U9536" name="com.training.complex.tests.RTTC063RegisterInvalidUser" tests="4" failures="0" timestamp="2019-12-06T14:50:38 IST" time="136.309" errors="0">
  <testcase name="RegisterUserTest" time="33.141" classname="com.training.complex.tests.RTTC063RegisterInvalidUser"/>
  <testcase name="RegisterUserTest" time="34.781" classname="com.training.complex.tests.RTTC063RegisterInvalidUser"/>
  <testcase name="RegisterUserTest" time="34.447" classname="com.training.complex.tests.RTTC063RegisterInvalidUser"/>
  <testcase name="RegisterUserTest" time="33.940" classname="com.training.complex.tests.RTTC063RegisterInvalidUser"/>
</testsuite> <!-- com.training.complex.tests.RTTC063RegisterInvalidUser -->
