<?xml version="1.0" encoding="UTF-8"?>
<!-- Generated by org.testng.reporters.JUnitReportReporter -->
<testsuite skipped="0" hostname="DESKTOP-G9U9536" name="com.training.medium.tests.LoginErrorTest" tests="4" failures="0" timestamp="2019-12-02T22:35:14 IST" time="110.994" errors="0">
  <testcase name="validateUserLoginTest" time="25.770" classname="com.training.medium.tests.LoginErrorTest"/>
  <testcase name="validateUserLoginTest" time="25.809" classname="com.training.medium.tests.LoginErrorTest"/>
  <testcase name="validateUserLoginTest" time="31.768" classname="com.training.medium.tests.LoginErrorTest"/>
  <testcase name="validateUserLoginTest" time="27.647" classname="com.training.medium.tests.LoginErrorTest"/>
</testsuite> <!-- com.training.medium.tests.LoginErrorTest -->
