<?xml version="1.0" encoding="UTF-8"?>
<!-- Generated by org.testng.reporters.JUnitReportReporter -->
<testsuite skipped="0" hostname="DESKTOP-G9U9536" name="com.training.medium.tests.RTTC031LoginErrorTest" tests="4" failures="0" timestamp="2019-12-03T15:20:13 IST" time="106.737" errors="0">
  <testcase name="validateUserLoginTest" time="27.162" classname="com.training.medium.tests.RTTC031LoginErrorTest"/>
  <testcase name="validateUserLoginTest" time="25.368" classname="com.training.medium.tests.RTTC031LoginErrorTest"/>
  <testcase name="validateUserLoginTest" time="25.898" classname="com.training.medium.tests.RTTC031LoginErrorTest"/>
  <testcase name="validateUserLoginTest" time="28.309" classname="com.training.medium.tests.RTTC031LoginErrorTest"/>
</testsuite> <!-- com.training.medium.tests.RTTC031LoginErrorTest -->
