<?xml version="1.0" encoding="UTF-8"?>
<!-- Generated by org.testng.reporters.JUnitReportReporter -->
<testsuite skipped="0" hostname="DESKTOP-G9U9536" name="com.training.simple.tests.RegisterUserTest" tests="1" failures="0" timestamp="2019-11-28T16:54:24 IST" time="38.759" errors="0">
  <testcase name="RegisterUserTest" time="38.759" classname="com.training.simple.tests.RegisterUserTest"/>
</testsuite> <!-- com.training.simple.tests.RegisterUserTest -->
