<?xml version="1.0" encoding="UTF-8"?>
<!-- Generated by org.testng.reporters.JUnitReportReporter -->
<testsuite skipped="0" hostname="DESKTOP-G9U9536" name="com.training.simple.tests.ForgotPasswordTest" tests="1" failures="0" timestamp="2019-11-27T18:00:38 IST" time="46.908" errors="0">
  <testcase name="ForgotPasswordTest" time="46.908" classname="com.training.simple.tests.ForgotPasswordTest"/>
</testsuite> <!-- com.training.simple.tests.ForgotPasswordTest -->
