<?xml version="1.0" encoding="UTF-8"?>
<!-- Generated by org.testng.reporters.JUnitReportReporter -->
<testsuite skipped="0" hostname="DESKTOP-G9U9536" name="com.training.complex.tests.RTTC064AdminAddCategory" tests="1" failures="0" timestamp="2019-12-05T13:05:50 IST" time="26.845" errors="0">
  <testcase name="addCategory" time="26.845" classname="com.training.complex.tests.RTTC064AdminAddCategory"/>
</testsuite> <!-- com.training.complex.tests.RTTC064AdminAddCategory -->
