<?xml version="1.0" encoding="UTF-8"?>
<!-- Generated by org.testng.reporters.JUnitReportReporter -->
<testsuite skipped="0" hostname="DESKTOP-G9U9536" name="com.training.simple.tests.RTTC002LoginTest" tests="1" failures="0" timestamp="2019-12-05T23:01:18 IST" time="33.550" errors="0">
  <testcase name="UserLoginTest" time="33.550" classname="com.training.simple.tests.RTTC002LoginTest"/>
</testsuite> <!-- com.training.simple.tests.RTTC002LoginTest -->
