<?xml version="1.0" encoding="UTF-8"?>
<!-- Generated by org.testng.reporters.JUnitReportReporter -->
<testsuite skipped="0" hostname="DESKTOP-G9U9536" name="com.training.simple.tests.RegisterUserTest" tests="1" failures="0" timestamp="2019-11-26T17:45:11 IST" time="35.480" errors="0">
  <testcase name="RegisterUserTest" time="35.480" classname="com.training.simple.tests.RegisterUserTest"/>
</testsuite> <!-- com.training.simple.tests.RegisterUserTest -->
