<?xml version="1.0" encoding="UTF-8"?>
<!-- Generated by org.testng.reporters.JUnitReportReporter -->
<testsuite skipped="0" hostname="DESKTOP-G9U9536" name="com.training.complex.tests.RTTC062MultipleUserRegistrationTest" tests="4" failures="0" timestamp="2019-12-05T11:53:36 IST" time="220.947" errors="0">
  <testcase name="RegisterUserTest" time="51.824" classname="com.training.complex.tests.RTTC062MultipleUserRegistrationTest"/>
  <testcase name="RegisterUserTest" time="58.670" classname="com.training.complex.tests.RTTC062MultipleUserRegistrationTest"/>
  <testcase name="RegisterUserTest" time="54.772" classname="com.training.complex.tests.RTTC062MultipleUserRegistrationTest"/>
  <testcase name="RegisterUserTest" time="55.681" classname="com.training.complex.tests.RTTC062MultipleUserRegistrationTest"/>
</testsuite> <!-- com.training.complex.tests.RTTC062MultipleUserRegistrationTest -->
