<?xml version="1.0" encoding="UTF-8"?>
<!-- Generated by org.testng.reporters.JUnitReportReporter -->
<testsuite skipped="0" hostname="DESKTOP-G9U9536" name="com.training.complex.tests.RTTC064AdminAddCategory" tests="4" failures="0" timestamp="2019-12-06T15:41:58 IST" time="95.373" errors="0">
  <testcase name="addCategory" time="23.600" classname="com.training.complex.tests.RTTC064AdminAddCategory"/>
  <testcase name="addCategory" time="23.297" classname="com.training.complex.tests.RTTC064AdminAddCategory"/>
  <testcase name="addCategory" time="24.404" classname="com.training.complex.tests.RTTC064AdminAddCategory"/>
  <testcase name="addCategory" time="24.072" classname="com.training.complex.tests.RTTC064AdminAddCategory"/>
</testsuite> <!-- com.training.complex.tests.RTTC064AdminAddCategory -->
