<?xml version="1.0" encoding="UTF-8"?>
<!-- Generated by org.testng.reporters.JUnitReportReporter -->
<testsuite skipped="0" hostname="DESKTOP-G9U9536" name="com.training.simple.tests.CheckoutLogin" tests="1" failures="0" timestamp="2019-12-01T20:17:16 IST" time="46.420" errors="0">
  <testcase name="OrderTestwithoutLogin" time="46.420" classname="com.training.simple.tests.CheckoutLogin"/>
</testsuite> <!-- com.training.simple.tests.CheckoutLogin -->
