<?xml version="1.0" encoding="UTF-8"?>
<!-- Generated by org.testng.reporters.JUnitReportReporter -->
<testsuite skipped="0" hostname="DESKTOP-G9U9536" name="com.training.complex.tests.RTTC063RegisterInvalidUser" tests="4" failures="0" timestamp="2019-12-06T10:25:03 IST" time="186.284" errors="0">
  <testcase name="RegisterUserTest" time="47.471" classname="com.training.complex.tests.RTTC063RegisterInvalidUser"/>
  <testcase name="RegisterUserTest" time="47.418" classname="com.training.complex.tests.RTTC063RegisterInvalidUser"/>
  <testcase name="RegisterUserTest" time="53.859" classname="com.training.complex.tests.RTTC063RegisterInvalidUser"/>
  <testcase name="RegisterUserTest" time="37.536" classname="com.training.complex.tests.RTTC063RegisterInvalidUser"/>
</testsuite> <!-- com.training.complex.tests.RTTC063RegisterInvalidUser -->
