<?xml version="1.0" encoding="UTF-8"?>
<!-- Generated by org.testng.reporters.JUnitReportReporter -->
<testsuite skipped="0" hostname="DESKTOP-G9U9536" name="com.training.medium.tests.RTTC031LoginErrorTest" tests="4" failures="0" timestamp="2019-12-06T15:41:58 IST" time="120.857" errors="0">
  <testcase name="validateUserLoginTest" time="31.093" classname="com.training.medium.tests.RTTC031LoginErrorTest"/>
  <testcase name="validateUserLoginTest" time="29.707" classname="com.training.medium.tests.RTTC031LoginErrorTest"/>
  <testcase name="validateUserLoginTest" time="29.656" classname="com.training.medium.tests.RTTC031LoginErrorTest"/>
  <testcase name="validateUserLoginTest" time="30.401" classname="com.training.medium.tests.RTTC031LoginErrorTest"/>
</testsuite> <!-- com.training.medium.tests.RTTC031LoginErrorTest -->
