<?xml version="1.0" encoding="UTF-8"?>
<!-- Generated by org.testng.reporters.JUnitReportReporter -->
<testsuite skipped="0" hostname="DESKTOP-G9U9536" name="com.training.complex.tests.RTTC063RegisterInvalidUser" tests="4" failures="0" timestamp="2019-12-06T15:41:58 IST" time="145.828" errors="0">
  <testcase name="RegisterUserTest" time="41.494" classname="com.training.complex.tests.RTTC063RegisterInvalidUser"/>
  <testcase name="RegisterUserTest" time="35.814" classname="com.training.complex.tests.RTTC063RegisterInvalidUser"/>
  <testcase name="RegisterUserTest" time="34.034" classname="com.training.complex.tests.RTTC063RegisterInvalidUser"/>
  <testcase name="RegisterUserTest" time="34.486" classname="com.training.complex.tests.RTTC063RegisterInvalidUser"/>
</testsuite> <!-- com.training.complex.tests.RTTC063RegisterInvalidUser -->
