<?xml version="1.0" encoding="UTF-8"?>
<!-- Generated by org.testng.reporters.JUnitReportReporter -->
<testsuite skipped="0" hostname="DESKTOP-G9U9536" name="com.training.complex.tests.RTTC061RegisterUserDBTest" tests="1" failures="0" timestamp="2019-12-06T15:41:58 IST" time="44.898" errors="0">
  <testcase name="RegisterUserTest" time="44.898" classname="com.training.complex.tests.RTTC061RegisterUserDBTest"/>
</testsuite> <!-- com.training.complex.tests.RTTC061RegisterUserDBTest -->
