<?xml version="1.0" encoding="UTF-8"?>
<!-- Generated by org.testng.reporters.JUnitReportReporter -->
<testsuite skipped="0" hostname="DESKTOP-G9U9536" name="com.training.complex.tests.RTTC063RegisterInvalidUser" tests="4" failures="0" timestamp="2019-12-05T21:51:09 IST" time="130.154" errors="0">
  <testcase name="RegisterUserTest" time="33.339" classname="com.training.complex.tests.RTTC063RegisterInvalidUser"/>
  <testcase name="RegisterUserTest" time="33.288" classname="com.training.complex.tests.RTTC063RegisterInvalidUser"/>
  <testcase name="RegisterUserTest" time="33.328" classname="com.training.complex.tests.RTTC063RegisterInvalidUser"/>
  <testcase name="RegisterUserTest" time="30.199" classname="com.training.complex.tests.RTTC063RegisterInvalidUser"/>
</testsuite> <!-- com.training.complex.tests.RTTC063RegisterInvalidUser -->
