<?xml version="1.0" encoding="UTF-8"?>
<!-- Generated by org.testng.reporters.JUnitReportReporter -->
<testsuite skipped="0" hostname="DESKTOP-G9U9536" name="com.training.sanity.tests.LoginTests" tests="1" failures="0" timestamp="2019-11-25T23:05:43 IST" time="18.734" errors="0">
  <testcase name="validLoginTest" time="18.734" classname="com.training.sanity.tests.LoginTests"/>
</testsuite> <!-- com.training.sanity.tests.LoginTests -->
