<?xml version="1.0" encoding="UTF-8"?>
<!-- Generated by org.testng.reporters.JUnitReportReporter -->
<testsuite skipped="0" hostname="DESKTOP-G9U9536" name="com.training.medium.tests.RTTC031LoginErrorTest" tests="4" failures="0" timestamp="2019-12-06T13:34:51 IST" time="118.725" errors="0">
  <testcase name="validateUserLoginTest" time="29.654" classname="com.training.medium.tests.RTTC031LoginErrorTest"/>
  <testcase name="validateUserLoginTest" time="33.331" classname="com.training.medium.tests.RTTC031LoginErrorTest"/>
  <testcase name="validateUserLoginTest" time="27.945" classname="com.training.medium.tests.RTTC031LoginErrorTest"/>
  <testcase name="validateUserLoginTest" time="27.795" classname="com.training.medium.tests.RTTC031LoginErrorTest"/>
</testsuite> <!-- com.training.medium.tests.RTTC031LoginErrorTest -->
